<?xml version="1.0" encoding="UTF-8"?>
<!-- Generated by org.testng.reporters.JUnitXMLReporter -->
<testsuite hostname="DESKTOP-1RJGQ1C" name="Test" tests="5" failures="0" timestamp="15 May 2023 18:39:38 GMT" time="5.099" errors="0">
  <testcase name="test_getAllVideoGames" time="2.327" classname="testases.VideoGameApiTestCases"/>
  <testcase name="test_addNewVideoGames" time="0.736" classname="testases.VideoGameApiTestCases"/>
  <testcase name="test_getVideoGame" time="1.618" classname="testases.VideoGameApiTestCases"/>
  <testcase name="test_updateVideoGame" time="0.099" classname="testases.VideoGameApiTestCases"/>
  <testcase name="test_deleteVideoGame" time="0.286" classname="testases.VideoGameApiTestCases"/>
</testsuite> <!-- Test -->
